<?xml version="1.0" encoding="UTF-8"?>
<!-- Generated by org.testng.reporters.JUnitXMLReporter -->
<testsuite hostname="LTPUSNY2127380" name="SuiteOneCaseTwo" tests="2" failures="1" timestamp="23 Dec 2016 15:35:03 GMT" time="36.323" errors="0">
  <testcase name="SuiteOneCaseTwoTest" time="25.279" classname="com.stta.SuiteOne.SuiteOneCaseTwo"/>
  <testcase name="SuiteOneCaseTwoTest" time="10.892" classname="com.stta.SuiteOne.SuiteOneCaseTwo">
    <failure type="java.lang.AssertionError" message="The following asserts failed:
ActualResult Value -2 And ExpectedResult Value -3 Not Match">
      <![CDATA[java.lang.AssertionError: The following asserts failed:
ActualResult Value -2 And ExpectedResult Value -3 Not Match
	at com.stta.SuiteOne.SuiteOneCaseTwo.SuiteOneCaseTwoTest(SuiteOneCaseTwo.java:128)
... Removed 29 stack frames]]>
    </failure>
  </testcase> <!-- SuiteOneCaseTwoTest -->
</testsuite> <!-- SuiteOneCaseTwo -->
