<?xml version="1.0" encoding="UTF-8"?>
<!-- Generated by org.testng.reporters.JUnitXMLReporter -->
<testsuite hostname="LTPUSNY2127380" name="SuiteTwoCaseTwo" tests="2" failures="1" timestamp="23 Dec 2016 15:36:08 GMT" time="31.829" errors="0">
  <testcase name="SuiteTwoCaseTwoTest" time="21.397" classname="com.stta.SuiteTwo.SuiteTwoCaseTwo"/>
  <testcase name="SuiteTwoCaseTwoTest" time="10.332" classname="com.stta.SuiteTwo.SuiteTwoCaseTwo">
    <failure type="java.lang.AssertionError" message="The following asserts failed:
ActualResult Value 2.5 And ExpectedResult Value 2.0 Not Match">
      <![CDATA[java.lang.AssertionError: The following asserts failed:
ActualResult Value 2.5 And ExpectedResult Value 2.0 Not Match
	at com.stta.SuiteTwo.SuiteTwoCaseTwo.SuiteTwoCaseTwoTest(SuiteTwoCaseTwo.java:117)
... Removed 29 stack frames]]>
    </failure>
  </testcase> <!-- SuiteTwoCaseTwoTest -->
</testsuite> <!-- SuiteTwoCaseTwo -->
