<!DOCTYPE html PUBLIC "-//W3C//DTD XHTML 1.1//EN" "http://www.w3.org/TR/xhtml11/DTD/xhtml11.dtd">
<html xmlns="http://www.w3.org/1999/xhtml"><head><title>TestNG Report</title><style type="text/css">table {margin-bottom:10px;border-collapse:collapse;empty-cells:show}th,td {border:1px solid #009;padding:.25em .5em}th {vertical-align:bottom}td {vertical-align:top}table a {font-weight:bold}.stripe td {background-color: #E6EBF9}.num {text-align:right}.passedodd td {background-color: #3F3}.passedeven td {background-color: #0A0}.skippedodd td {background-color: #DDD}.skippedeven td {background-color: #CCC}.failedodd td,.attn {background-color: #F33}.failedeven td,.stripe .attn {background-color: #D00}.stacktrace {white-space:pre;font-family:monospace}.totop {font-size:85%;text-align:center;border-bottom:2px solid #000}</style></head><body><table><tr><th>Test</th><th># Passed</th><th># Skipped</th><th># Failed</th><th>Time (ms)</th><th>Included Groups</th><th>Excluded Groups</th></tr><tr><th colspan="7">SuiteOne</th></tr><tr><td><a href="#t0">SuiteOneCaseOne</a></td><td class="num">0</td><td class="num attn">1</td><td class="num">0</td><td class="num">24</td><td></td><td></td></tr><tr class="stripe"><td><a href="#t1">SuiteOneCaseTwo</a></td><td class="num">0</td><td class="num attn">1</td><td class="num">0</td><td class="num">11</td><td></td><td></td></tr><tr><th colspan="7">SuiteThree</th></tr><tr><td><a href="#t2">SuiteThree_TestCase1</a></td><td class="num">2</td><td class="num">0</td><td class="num">0</td><td class="num">436</td><td></td><td></td></tr><tr class="stripe"><td><a href="#t3">SuiteThree_TestCase2</a></td><td class="num">1</td><td class="num">0</td><td class="num">0</td><td class="num">223</td><td></td><td></td></tr><tr><td><a href="#t4">SuiteThree_TestCase3</a></td><td class="num">0</td><td class="num">0</td><td class="num attn">1</td><td class="num">25,742</td><td></td><td></td></tr><tr><th colspan="7">Calc Suite</th></tr><tr><th colspan="7">SuiteTwo</th></tr><tr class="stripe"><td><a href="#t5">SuiteTwoCaseOne</a></td><td class="num">0</td><td class="num attn">1</td><td class="num">0</td><td class="num">12</td><td></td><td></td></tr><tr><td><a href="#t6">SuiteTwoCaseTwo</a></td><td class="num">0</td><td class="num attn">1</td><td class="num">0</td><td class="num">9</td><td></td><td></td></tr><tr><th>Total</th><th class="num">3</th><th class="num attn">4</th><th class="num attn">1</th><th class="num">26,457</th><th colspan="2"></th></tr></table><table><thead><tr><th>Class</th><th>Method</th><th>Start</th><th>Time (ms)</th></tr></thead><tbody><tr><th colspan="4">SuiteOne</th></tr></tbody><tbody id="t0"><tr><th colspan="4">SuiteOneCaseOne &#8212; skipped (configuration methods)</th></tr><tr class="skippedeven"><td rowspan="2">com.stta.SuiteOne.SuiteOneCaseOne</td><td><a href="#m0">checkCaseToRun</a></td><td rowspan="1">1482993810636</td><td rowspan="1">0</td></tr><tr class="skippedeven"><td><a href="#m1">closeBrowser</a></td><td rowspan="1">1482993810656</td><td rowspan="1">0</td></tr><tr><th colspan="4">SuiteOneCaseOne &#8212; skipped</th></tr><tr class="skippedeven"><td rowspan="1">com.stta.SuiteOne.SuiteOneCaseOne</td><td><a href="#m2">SuiteOneCaseOneTest</a></td><td rowspan="1">1482993810651</td><td rowspan="1">0</td></tr></tbody><tbody id="t1"><tr><th colspan="4">SuiteOneCaseTwo &#8212; skipped (configuration methods)</th></tr><tr class="skippedeven"><td rowspan="3">com.stta.SuiteOne.SuiteOneCaseTwo</td><td><a href="#m3">checkCaseToRun</a></td><td rowspan="1">1482993810752</td><td rowspan="1">0</td></tr><tr class="skippedeven"><td><a href="#m4">checkSuiteToRun</a></td><td rowspan="1">1482993810238</td><td rowspan="1">0</td></tr><tr class="skippedeven"><td><a href="#m5">closeBrowser</a></td><td rowspan="1">1482993810758</td><td rowspan="1">0</td></tr><tr><th colspan="4">SuiteOneCaseTwo &#8212; skipped</th></tr><tr class="skippedeven"><td rowspan="1">com.stta.SuiteOne.SuiteOneCaseTwo</td><td><a href="#m6">SuiteOneCaseTwoTest</a></td><td rowspan="1">1482993810755</td><td rowspan="1">0</td></tr></tbody><tbody><tr><th colspan="4">SuiteThree</th></tr></tbody><tbody id="t2"><tr><th colspan="4">SuiteThree_TestCase1 &#8212; passed</th></tr><tr class="passedeven"><td rowspan="2">com.stta.SuiteThree.SuiteThreeCaseOne</td><td><a href="#m7">TC_01_TestCase</a></td><td rowspan="2">1482993811934</td><td rowspan="2">122</td></tr><tr class="passedeven"><td><a href="#m8">TC_01_TestCase</a></td></tr></tbody><tbody id="t3"><tr><th colspan="4">SuiteThree_TestCase2 &#8212; passed</th></tr><tr class="passedeven"><td rowspan="1">com.stta.SuiteThree.SuiteThreeCaseOne</td><td><a href="#m9">TC_02_TestCase</a></td><td rowspan="1">1482993812220</td><td rowspan="1">124</td></tr></tbody><tbody id="t4"><tr><th colspan="4">SuiteThree_TestCase3 &#8212; failed</th></tr><tr class="failedeven"><td rowspan="1">com.stta.SuiteThree.SuiteThreeCaseTwo</td><td><a href="#m10">TC_03_TestCase</a></td><td rowspan="1">1482993821378</td><td rowspan="1">16742</td></tr></tbody><tbody><tr><th colspan="4">Calc Suite</th></tr></tbody><tbody><tr><th colspan="4">SuiteTwo</th></tr></tbody><tbody id="t5"><tr><th colspan="4">SuiteTwoCaseOne &#8212; skipped (configuration methods)</th></tr><tr class="skippedeven"><td rowspan="2">com.stta.SuiteTwo.SuiteTwoCaseOne</td><td><a href="#m11">checkCaseToRun</a></td><td rowspan="1">1482993810910</td><td rowspan="1">0</td></tr><tr class="skippedeven"><td><a href="#m12">closeBrowser</a></td><td rowspan="1">1482993810915</td><td rowspan="1">0</td></tr><tr><th colspan="4">SuiteTwoCaseOne &#8212; skipped</th></tr><tr class="skippedeven"><td rowspan="1">com.stta.SuiteTwo.SuiteTwoCaseOne</td><td><a href="#m13">SuiteTwoCaseOneTest</a></td><td rowspan="1">1482993810913</td><td rowspan="1">0</td></tr></tbody><tbody id="t6"><tr><th colspan="4">SuiteTwoCaseTwo &#8212; skipped (configuration methods)</th></tr><tr class="skippedeven"><td rowspan="3">com.stta.SuiteTwo.SuiteTwoCaseTwo</td><td><a href="#m14">checkCaseToRun</a></td><td rowspan="1">1482993811013</td><td rowspan="1">0</td></tr><tr class="skippedeven"><td><a href="#m15">checkSuiteToRun</a></td><td rowspan="1">1482993810844</td><td rowspan="1">0</td></tr><tr class="skippedeven"><td><a href="#m16">closeBrowser</a></td><td rowspan="1">1482993811019</td><td rowspan="1">0</td></tr><tr><th colspan="4">SuiteTwoCaseTwo &#8212; skipped</th></tr><tr class="skippedeven"><td rowspan="1">com.stta.SuiteTwo.SuiteTwoCaseTwo</td><td><a href="#m17">SuiteTwoCaseTwoTest</a></td><td rowspan="1">1482993811017</td><td rowspan="1">0</td></tr></tbody></table><h2>SuiteOneCaseOne</h2><h3 id="m0">com.stta.SuiteOne.SuiteOneCaseOne#checkCaseToRun</h3><table class="result"></table><p class="totop"><a href="#summary">back to summary</a></p><h3 id="m1">com.stta.SuiteOne.SuiteOneCaseOne#closeBrowser</h3><table class="result"></table><p class="totop"><a href="#summary">back to summary</a></p><h3 id="m2">com.stta.SuiteOne.SuiteOneCaseOne#SuiteOneCaseOneTest</h3><table class="result"><tr><th>Exception</th></tr><tr><td><div class="stacktrace">java.lang.RuntimeException: java.lang.NullPointerException
Caused by: java.lang.NullPointerException
	at com.stta.utility.SuiteUtility.GetTestDataUtility(SuiteUtility.java:27)
	at com.stta.SuiteOne.SuiteOneCaseOne.SuiteOneCaseOneData(SuiteOneCaseOne.java:75)
	... 23 more
... Removed 31 stack frames</div></td></tr></table><p class="totop"><a href="#summary">back to summary</a></p><h2>SuiteOneCaseTwo</h2><h3 id="m3">com.stta.SuiteOne.SuiteOneCaseTwo#checkCaseToRun</h3><table class="result"></table><p class="totop"><a href="#summary">back to summary</a></p><h3 id="m4">com.stta.SuiteOne.SuiteOneCaseTwo#checkSuiteToRun</h3><table class="result"><tr><th>Exception</th></tr><tr><td><div class="stacktrace">org.testng.SkipException: SuiteOne&apos;s SuiteToRun Flag Is &apos;N&apos; Or Blank. So Skipping Execution Of SuiteOne
	at com.stta.SuiteOne.SuiteOneBase.checkSuiteToRun(SuiteOneBase.java:50)
... Removed 20 stack frames</div></td></tr></table><p class="totop"><a href="#summary">back to summary</a></p><h3 id="m5">com.stta.SuiteOne.SuiteOneCaseTwo#closeBrowser</h3><table class="result"></table><p class="totop"><a href="#summary">back to summary</a></p><h3 id="m6">com.stta.SuiteOne.SuiteOneCaseTwo#SuiteOneCaseTwoTest</h3><table class="result"><tr><th>Exception</th></tr><tr><td><div class="stacktrace">java.lang.RuntimeException: java.lang.NullPointerException
Caused by: java.lang.NullPointerException
	at com.stta.utility.SuiteUtility.GetTestDataUtility(SuiteUtility.java:27)
	at com.stta.SuiteOne.SuiteOneCaseTwo.SuiteOneCaseTwoData(SuiteOneCaseTwo.java:164)
	... 23 more
... Removed 31 stack frames</div></td></tr></table><p class="totop"><a href="#summary">back to summary</a></p><h2>SuiteThree_TestCase1</h2><h3 id="m7">com.stta.SuiteThree.SuiteThreeCaseOne#TC_01_TestCase</h3><table class="result"><tr class="param"><th>Parameter #1</th><th>Parameter #2</th></tr><tr class="param stripe"><td>1</td><td>{TestNGTestName=SuiteThree_TestCase1, Iteration=, Pass/Fail/Skip=SKIP, TestCaseName=TC_01_TestCase, Data 2 Column=7, DataToRun=y, Data 3 Column=3, Expected Result=13, Data 1 Column=3}</td></tr></table><p class="totop"><a href="#summary">back to summary</a></p><h3 id="m8">com.stta.SuiteThree.SuiteThreeCaseOne#TC_01_TestCase</h3><table class="result"><tr class="param"><th>Parameter #1</th><th>Parameter #2</th></tr><tr class="param stripe"><td>0</td><td>{TestNGTestName=SuiteThree_TestCase1, Iteration=, Pass/Fail/Skip=PASS, TestCaseName=TC_01_TestCase, Data 2 Column=5, DataToRun=y, Data 3 Column=7, Expected Result=21, Data 1 Column=9}</td></tr></table><p class="totop"><a href="#summary">back to summary</a></p><h2>SuiteThree_TestCase2</h2><h3 id="m9">com.stta.SuiteThree.SuiteThreeCaseOne#TC_02_TestCase</h3><table class="result"><tr class="param"><th>Parameter #1</th><th>Parameter #2</th></tr><tr class="param stripe"><td>0</td><td>{TestNGTestName=SuiteThree_TestCase2, Iteration=, Pass/Fail/Skip=, TestCaseName=TC_02_TestCase, Data 2 Column=5, DataToRun=y, Data 3 Column=7, Expected Result=21, Data 1 Column=9}</td></tr></table><p class="totop"><a href="#summary">back to summary</a></p><h2>SuiteThree_TestCase3</h2><h3 id="m10">com.stta.SuiteThree.SuiteThreeCaseTwo#TC_03_TestCase</h3><table class="result"><tr class="param"><th>Parameter #1</th><th>Parameter #2</th></tr><tr class="param stripe"><td>0</td><td>{TestNGTestName=SuiteThree_TestCase3, Iteration=, Pass/Fail/Skip=, TestCaseName=TC_03_TestCase, Data 2 Column=7, DataToRun=y, Data 3 Column=3, Expected Result=13, Data 1 Column=3}</td></tr><tr><th colspan="2">Exception</th></tr><tr><td colspan="2"><div class="stacktrace">org.openqa.selenium.NoSuchElementException: Unable to locate element: {&quot;method&quot;:&quot;id&quot;,&quot;selector&quot;:&quot;Resultbox&quot;}
Command duration or timeout: 10.09 seconds
For documentation on this error, please visit: http://seleniumhq.org/exceptions/no_such_element.html
Build info: version: &apos;2.53.0&apos;, revision: &apos;35ae25b1534ae328c771e0856c93e187490ca824&apos;, time: &apos;2016-03-15 10:43:46&apos;
System info: host: &apos;LTPUSNY2127380&apos;, ip: &apos;192.168.91.1&apos;, os.name: &apos;Windows 7&apos;, os.arch: &apos;amd64&apos;, os.version: &apos;6.1&apos;, java.version: &apos;1.8.0_05&apos;
Driver info: org.openqa.selenium.firefox.FirefoxDriver
Capabilities [{applicationCacheEnabled=true, rotatable=false, handlesAlerts=true, databaseEnabled=true, version=46.0, platform=WINDOWS, nativeEvents=false, acceptSslCerts=true, webStorageEnabled=true, locationContextEnabled=true, browserName=firefox, takesScreenshot=true, javascriptEnabled=true, cssSelectorsEnabled=true}]
Session ID: f52483b4-5642-460f-831e-fea7cc96a694
*** Element info: {Using=id, value=Resultbox}
	at org.openqa.selenium.remote.ErrorHandler.createThrowable(ErrorHandler.java:206)
	at org.openqa.selenium.remote.ErrorHandler.throwIfResponseFailed(ErrorHandler.java:158)
	at org.openqa.selenium.remote.RemoteWebDriver.execute(RemoteWebDriver.java:678)
	at org.openqa.selenium.remote.RemoteWebDriver.findElement(RemoteWebDriver.java:363)
	at org.openqa.selenium.remote.RemoteWebDriver.findElementById(RemoteWebDriver.java:413)
	at org.openqa.selenium.By$ById.findElement(By.java:218)
	at org.openqa.selenium.remote.RemoteWebDriver.findElement(RemoteWebDriver.java:355)
	at org.openqa.selenium.support.pagefactory.DefaultElementLocator.findElement(DefaultElementLocator.java:69)
	at org.openqa.selenium.support.pagefactory.internal.LocatingElementHandler.invoke(LocatingElementHandler.java:38)
	at com.sun.proxy.$Proxy11.isDisplayed(Unknown Source)
	at com.stta.TestSuiteBase.SuiteBase.isWebElementDisplayed(SuiteBase.java:269)
	at com.stta.PageObject.CalculatePage.isLoaded(CalculatePage.java:53)
	at org.openqa.selenium.support.ui.LoadableComponent.get(LoadableComponent.java:46)
	at com.stta.SuiteThree.SuiteThreeCaseTwo.TC_03_TestCase(SuiteThreeCaseTwo.java:107)
Caused by: org.openqa.selenium.NoSuchElementException: Unable to locate element: {&quot;method&quot;:&quot;id&quot;,&quot;selector&quot;:&quot;Resultbox&quot;}
For documentation on this error, please visit: http://seleniumhq.org/exceptions/no_such_element.html
Build info: version: &apos;2.53.0&apos;, revision: &apos;35ae25b1534ae328c771e0856c93e187490ca824&apos;, time: &apos;2016-03-15 10:43:46&apos;
System info: host: &apos;LTPUSNY2127380&apos;, ip: &apos;192.168.91.1&apos;, os.name: &apos;Windows 7&apos;, os.arch: &apos;amd64&apos;, os.version: &apos;6.1&apos;, java.version: &apos;1.8.0_05&apos;
Driver info: driver.version: unknown
	at &lt;anonymous class&gt;.FirefoxDriver.prototype.findElementInternal_(file:///C:/Users/BANTI~1.CHO/AppData/Local/Temp/anonymous340512094151840531webdriver-profile/extensions/fxdriver@googlecode.com/components/driver-component.js:10770)
	at &lt;anonymous class&gt;.fxdriver.Timer.prototype.setTimeout/&lt;.notify(file:///C:/Users/BANTI~1.CHO/AppData/Local/Temp/anonymous340512094151840531webdriver-profile/extensions/fxdriver@googlecode.com/components/driver-component.js:625)
... Removed 30 stack frames</div></td></tr></table><p class="totop"><a href="#summary">back to summary</a></p><h2>SuiteTwoCaseOne</h2><h3 id="m11">com.stta.SuiteTwo.SuiteTwoCaseOne#checkCaseToRun</h3><table class="result"></table><p class="totop"><a href="#summary">back to summary</a></p><h3 id="m12">com.stta.SuiteTwo.SuiteTwoCaseOne#closeBrowser</h3><table class="result"></table><p class="totop"><a href="#summary">back to summary</a></p><h3 id="m13">com.stta.SuiteTwo.SuiteTwoCaseOne#SuiteTwoCaseOneTest</h3><table class="result"><tr><th>Exception</th></tr><tr><td><div class="stacktrace">java.lang.RuntimeException: java.lang.NullPointerException
Caused by: java.lang.NullPointerException
	at com.stta.utility.SuiteUtility.GetTestDataUtility(SuiteUtility.java:27)
	at com.stta.SuiteTwo.SuiteTwoCaseOne.SuiteTwoCaseOneData(SuiteTwoCaseOne.java:153)
	... 23 more
... Removed 31 stack frames</div></td></tr></table><p class="totop"><a href="#summary">back to summary</a></p><h2>SuiteTwoCaseTwo</h2><h3 id="m14">com.stta.SuiteTwo.SuiteTwoCaseTwo#checkCaseToRun</h3><table class="result"></table><p class="totop"><a href="#summary">back to summary</a></p><h3 id="m15">com.stta.SuiteTwo.SuiteTwoCaseTwo#checkSuiteToRun</h3><table class="result"><tr><th>Exception</th></tr><tr><td><div class="stacktrace">org.testng.SkipException: SuiteTwo&apos;s SuiteToRun Flag Is &apos;N&apos; Or Blank. So Skipping Execution Of SuiteTwo
	at com.stta.SuiteTwo.SuiteTwoBase.checkSuiteToRun(SuiteTwoBase.java:36)
... Removed 20 stack frames</div></td></tr></table><p class="totop"><a href="#summary">back to summary</a></p><h3 id="m16">com.stta.SuiteTwo.SuiteTwoCaseTwo#closeBrowser</h3><table class="result"></table><p class="totop"><a href="#summary">back to summary</a></p><h3 id="m17">com.stta.SuiteTwo.SuiteTwoCaseTwo#SuiteTwoCaseTwoTest</h3><table class="result"><tr><th>Exception</th></tr><tr><td><div class="stacktrace">java.lang.RuntimeException: java.lang.NullPointerException
Caused by: java.lang.NullPointerException
	at com.stta.utility.SuiteUtility.GetTestDataUtility(SuiteUtility.java:27)
	at com.stta.SuiteTwo.SuiteTwoCaseTwo.SuiteTwoCaseTwoData(SuiteTwoCaseTwo.java:152)
	... 23 more
... Removed 31 stack frames</div></td></tr></table><p class="totop"><a href="#summary">back to summary</a></p></body></html>